[backblue.gif]
[fade.gif]
[index.html]
[index.php/feed/index.html]
[index.php/comments/feed/index.html]
[wp-includes/js/jquery/jquery.js]
[wp-includes/js/jquery/jquery-migrate.min.js]
[wp-content/plugins/wp-security-hardening/modules/js/front.js]
[wp-includes/wlwmanifest.xml]
[wp-content/plugins/wp-codemirror-block/vendor/codemirror/lib/codemirror.min.js]
[wp-content/plugins/wp-codemirror-block/assets/js/autoLoadAssets.min.js]
[wp-content/plugins/wp-codemirror-block/assets/js/init.min.js]
[wp-content/themes/twentyfifteen/js/skip-link-focus-fix.js]
[wp-content/themes/twentyfifteen/js/functions.js]
[wp-includes/js/wp-embed.min.js]
[index-2.html]
[xmlrpc.html]
[wp-includes/css/dist/block-library/style.min.css]
[wp-includes/css/dist/block-library/theme.min.css]
[wp-content/plugins/wp-codemirror-block/vendor/codemirror/lib/codemirror.min.css]
[wp-content/plugins/wp-codemirror-block/assets/blocks/blocks.style.build.min.css]
[wp-content/themes/twentyfifteen/genericons/Genericons.eot]
[wp-content/themes/twentyfifteen/genericons/genericons.css]
[wp-content/themes/twentyfifteen/style.css]
[wp-content/themes/twentyfifteen/css/blocks.css]
[index.php/wp-json/index.html]
[xmlrpc0db0.html]
[index.php/my/index.html]
[index.php/category/ruby-basic-knowledge/index.html]
[index.php/2020/07/07/introduction-2/index.html]
[index.php/category/ruby-basic-knowledge/variable/index.html]
[index.php/2020/07/08/local-variable/index.html]
[index.php/2020/07/08/constant-variable/index.html]
[index.php/2020/07/08/global-variable/index.html]
[index.php/2020/07/08/block-variable/index.html]
[index.php/category/ruby-basic-knowledge/string/index.html]
[index.php/my/feed/index.html]
[index.php/my/comments/feed/index.html]
[index.php/2020/07/09/string-definition/index.html]
[index.php/2020/07/09/string-format/index.html]
[index.php/2020/07/09/string-single-dobule-qoute/index.html]
[index.php/2020/07/10/string-interpolation/index.html]
[index.php/2020/07/10/string-compare/index.html]
[index.php/2020/07/13/heredoc/index.html]
[index.php/2020/07/27/change-to-string/index.html]
[index.php/category/ruby-basic-knowledge/number/index.html]
[index.php/2020/07/27/num-operator/index.html]
[index.php/2020/07/28/numdiv-checkpoint/index.html]
[index.php/2020/07/28/change-to-num/index.html]
[index.php/category/ruby-basic-knowledge/conditional-branch/index.html]
[index.php/2020/07/28/boolean/index.html]
[index.php/category/ruby-basic-knowledge/feed/index.html]
[index.php/2020/07/07/introduction-2/feed/index.html]
[index.php/2020/07/28/if-statement/index.html]
[index.php/2020/07/08/local-variable/feed/index.html]
[index.php/category/ruby-basic-knowledge/variable/feed/index.html]
[index.php/2020/07/08/constant-variable/feed/index.html]
[index.php/2020/07/08/global-variable/feed/index.html]
[index.php/2020/07/30/unless/index.html]
[index.php/2020/07/08/block-variable/feed/index.html]
[index.php/category/ruby-basic-knowledge/string/feed/index.html]
[index.php/2020/07/09/string-definition/feed/index.html]
[index.php/2020/07/30/case/index.html]
[index.php/2020/07/09/string-format/feed/index.html]
[index.php/2020/07/09/string-single-dobule-qoute/feed/index.html]
[index.php/2020/07/10/string-interpolation/feed/index.html]
[index.php/2020/07/30/ternary-operator/index.html]
[index.php/2020/07/10/string-compare/feed/index.html]
[index.php/category/ruby-basic-knowledge/method/index.html]
[index.php/2020/07/13/heredoc/feed/index.html]
[index.php/2020/07/27/change-to-string/feed/index.html]
[index.php/2020/08/03/method/index.html]
[index.php/category/ruby-basic-knowledge/number/feed/index.html]
[index.php/2020/07/27/num-operator/feed/index.html]
[index.php/2020/07/28/numdiv-checkpoint/feed/index.html]
[index.php/2020/08/06/method-end-in/index.html]
[index.php/2020/07/28/change-to-num/feed/index.html]
[index.php/category/ruby-basic-knowledge/conditional-branch/feed/index.html]
[index.php/2020/07/28/boolean/feed/index.html]
[index.php/2020/08/06/method-eql/index.html]
[index.php/2020/07/28/if-statement/feed/index.html]
[index.php/category/array/index.html]
[index.php/2020/07/30/unless/feed/index.html]
[index.php/2020/08/06/array/index.html]
[index.php/2020/07/30/case/feed/index.html]
[index.php/2020/07/30/ternary-operator/feed/index.html]
[index.php/2020/09/03/looping/index.html]
[index.php/category/ruby-basic-knowledge/method/feed/index.html]
[index.php/2020/08/03/method/feed/index.html]
[index.php/2020/09/03/range/index.html]
[index.php/category/hash/index.html]
[index.php/2020/08/06/method-end-in/feed/index.html]
[index.php/2020/09/30/hash/index.html]
[index.php/category/symbol/index.html]
[index.php/2020/08/06/method-eql/feed/index.html]
[index.php/category/array/feed/index.html]
[index.php/2020/11/27/symbol-define/index.html]
[index.php/2020/08/06/array/feed/index.html]
[index.php/2020/11/27/symbol-feature/index.html]
[index.php/category/regular-expression/index.html]
[index.php/2020/09/03/looping/feed/index.html]
[index.php/2020/09/03/range/feed/index.html]
[index.php/2020/11/27/ruby-create-regex/index.html]
[index.php/category/hash/feed/index.html]
[index.php/2020/11/27/regex-method/index.html]
[index.php/2020/09/30/hash/feed/index.html]
[index.php/category/symbol/feed/index.html]
[index.php/2020/11/27/case-regex/index.html]
[index.php/category/class/index.html]
[index.php/2020/11/27/symbol-define/feed/index.html]
[index.php/2020/11/27/symbol-feature/feed/index.html]
[index.php/2020/11/30/class/index.html]
[index.php/category/regular-expression/feed/index.html]
[index.php/2020/11/30/class-variable/index.html]
[index.php/2020/11/27/ruby-create-regex/feed/index.html]
[index.php/2020/11/30/accessor-method/index.html]
[index.php/2020/11/27/regex-method/feed/index.html]
[index.php/2020/11/30/class-method/index.html]
[index.php/2020/11/27/case-regex/feed/index.html]
[index.php/category/class/feed/index.html]
[index.php/2020/11/30/public-level-of-class-method/index.html]
[index.php/2020/11/30/class/feed/index.html]
[index.php/2020/11/30/self-keyword/index.html]
[index.php/2020/11/30/class-variable/feed/index.html]
[index.php/2020/11/30/inheritance-in-class/index.html]
[index.php/2020/11/30/accessor-method/feed/index.html]
[index.php/2020/11/30/super/index.html]
[index.php/2020/11/30/class-method/feed/index.html]
[index.php/2020/11/30/public-level-of-class-method/feed/index.html]
[index.php/2020/11/30/objects-instances-receivers/index.html]
[index.php/2020/11/30/self-keyword/feed/index.html]
[index.php/2020/11/30/monkey-patch/index.html]
[index.php/category/module/index.html]
[index.php/2020/11/30/super/feed/index.html]
[index.php/2020/11/30/inheritance-in-class/feed/index.html]
[index.php/2020/12/09/define-module/index.html]
[index.php/2020/11/30/objects-instances-receivers/feed/index.html]
[index.php/2021/01/20/module-mixing/index.html]
[index.php/2020/11/30/monkey-patch/feed/index.html]
[index.php/2021/01/20/enumerable-module/index.html]
[index.php/category/module/feed/index.html]
[index.php/2020/12/09/define-module/feed/index.html]
[index.php/2021/01/21/comparable-module/index.html]
[index.php/2021/01/20/module-mixing/feed/index.html]
[index.php/2021/03/18/kernel-module/index.html]
[index.php/2021/01/20/enumerable-module/feed/index.html]
[index.php/2021/03/18/namespace/index.html]
[index.php/2021/01/21/comparable-module/feed/index.html]
[index.php/2021/03/18/method-collect-module/index.html]
[index.php/2021/03/18/kernel-module/feed/index.html]
[index.php/2021/03/18/state-collect-module/index.html]
[index.php/2021/03/18/namespace/feed/index.html]
[index.php/2021/03/18/method-collect-module/feed/index.html]
[index.php/2021/04/21/method-search/index.html]
[index.php/category/exception/index.html]
[index.php/2021/03/18/state-collect-module/feed/index.html]
[index.php/2021/06/02/create-execption/index.html]
[index.php/2021/04/21/method-search/feed/index.html]
[index.php/2021/07/27/exception-class-inheritance-relationship/index.html]
[index.php/category/exception/feed/index.html]
[index.php/2021/06/02/create-execption/feed/index.html]
[index.php/2021/07/27/retry-ensure/index.html]
[index.php/2021/07/27/exception-class-inheritance-relationship/feed/index.html]
[index.php/2021/07/27/exception-else/index.html]
[index.php/2021/07/27/retry-ensure/feed/index.html]
[index.php/2021/07/28/exception-return-value/index.html]
[index.php/2021/07/27/exception-else/feed/index.html]
[index.php/2021/08/03/rescue-modifier/index.html]
[index.php/category/yield-proc/index.html]
[index.php/2021/07/28/exception-return-value/feed/index.html]
[index.php/2021/08/03/rescue-modifier/feed/index.html]
[index.php/2021/08/04/yield-using-method/index.html]
[index.php/category/yield-proc/feed/index.html]
[index.php/2021/08/04/yield-using-method/feed/index.html]
[index.php/2021/08/30/proc-using-method/index.html]
[index.php/2021/08/30/proc-using-method/feed/index.html]
[index.php/2021/08/31/proc-lambda/index.html]
[index.php/2021/08/31/proc-lambda/feed/index.html]
[index.php/2021/09/24/to-proc-method/feed/index.html]
[index.php/2021/09/24/to-proc-method/index.html]
[index.php/author/admin/index.html]
[index.php/page/2/index.html]
[index.php/author/admin/feed/index.html]
[index.php/page/7/index.html]
[wp-content/plugins/wp-security-hardening/modules/inc/assets/css/tw-bs4.css]
[wp-content/plugins/wp-security-hardening/modules/inc/fa/fonts/fontawesome-webfont862f.eot]
[wp-content/plugins/wp-security-hardening/modules/inc/fa/fonts/fontawesome-webfontd41d.eot]
[wp-content/plugins/wp-security-hardening/modules/inc/fa/css/font-awesome.min.css]
[wp-content/plugins/wp-security-hardening/modules/css/front.css]
[wp-content/themes/twentyfifteen/genericons/Genericons.html]
[wp-content/themes/twentyfifteen/genericons/Genericons.svg]
[index.php/my/category/my-ruby-basic-knowledge/index.html]
[index.php/my/category/my-ruby-basic-knowledge/feed/index.html]
[index.php/my/2020/07/07/my-introduction/feed/index.html]
[index.php/my/2020/07/07/my-introduction/index.html]
[index.php/my/category/my-ruby-basic-knowledge/my-variable/index.html]
[index.php/my/category/my-ruby-basic-knowledge/my-variable/feed/index.html]
[index.php/my/2020/07/08/my-local-variable-2/feed/index.html]
[index.php/my/2020/07/08/my-local-variable-2/index.html]
[index.php/my/2020/07/08/my-constant/feed/index.html]
[index.php/my/2020/07/08/my-constant/index.html]
[index.php/my/2020/07/08/my-global-variable/feed/index.html]
[index.php/my/2020/07/08/my-global-variable/index.html]
[index.php/my/2020/07/09/my-block-variable/feed/index.html]
[index.php/my/2020/07/09/my-block-variable/index.html]
[index.php/my/category/my-ruby-basic-knowledge/my-string/index.html]
[index.php/my/category/my-ruby-basic-knowledge/my-string/feed/index.html]
[index.php/my/2020/07/09/my-string-definition/feed/index.html]
[index.php/my/2020/07/09/my-string-definition/index.html]
[index.php/my/2020/07/10/my-string-format/feed/index.html]
[index.php/my/2020/07/10/my-string-format/index.html]
[index.php/my/2020/07/10/my-string-single-dobule-qoute/feed/index.html]
[index.php/my/2020/07/10/my-string-single-dobule-qoute/index.html]
[index.php/my/2020/07/13/my-string-interpolation/feed/index.html]
[index.php/my/2020/07/13/my-string-interpolation/index.html]
[index.php/my/2020/07/13/my-string-compare/feed/index.html]
[index.php/my/2020/07/13/my-string-compare/index.html]
[index.php/my/2020/07/27/my-heredoc/feed/index.html]
[index.php/my/2020/07/27/my-heredoc/index.html]
[index.php/my/2020/07/27/my-change-to-string/feed/index.html]
[index.php/my/2020/07/27/my-change-to-string/index.html]
[index.php/my/category/my-ruby-basic-knowledge/my-number/index.html]
[index.php/my/category/my-ruby-basic-knowledge/my-number/feed/index.html]
[index.php/my/2020/07/27/my-num-operator/feed/index.html]
[index.php/my/2020/07/27/my-num-operator/index.html]
[index.php/my/2020/07/28/my-numdiv-checkpoint/feed/index.html]
[index.php/my/2020/07/28/my-numdiv-checkpoint/index.html]
[index.php/my/2020/07/28/my-change-to-num/feed/index.html]
[index.php/my/2020/07/28/my-change-to-num/index.html]
[index.php/my/category/my-ruby-basic-knowledge/my-conditional-branch/index.html]
[index.php/my/category/my-ruby-basic-knowledge/my-conditional-branch/feed/index.html]
[index.php/my/2020/07/28/my-boolean/feed/index.html]
[index.php/my/2020/07/28/my-boolean/index.html]
[index.php/my/2020/07/28/my-if-statement/feed/index.html]
[index.php/my/2020/07/28/my-if-statement/index.html]
[index.php/my/2020/07/30/my-unless/feed/index.html]
[index.php/my/2020/07/30/my-unless/index.html]
[index.php/my/2020/07/30/my-case/feed/index.html]
[index.php/my/2020/07/30/my-case/index.html]
[index.php/my/2020/07/30/my-ternary-operator/feed/index.html]
[index.php/my/2020/07/30/my-ternary-operator/index.html]
[index.php/my/category/my-ruby-basic-knowledge/my-method/index.html]
[index.php/my/category/my-ruby-basic-knowledge/my-method/feed/index.html]
[index.php/my/2020/08/04/my-method/feed/index.html]
[index.php/my/2020/08/04/my-method/index.html]
[index.php/my/2020/08/06/my-method-end-in/feed/index.html]
[index.php/my/2020/08/06/my-method-end-in/index.html]
[index.php/my/2020/08/06/my-method-eql/feed/index.html]
[index.php/my/2020/08/06/my-method-eql/index.html]
[index.php/my/category/my-array/index.html]
[index.php/my/category/my-array/feed/index.html]
[index.php/my/2020/08/06/my-array/feed/index.html]
[index.php/my/2020/08/06/my-array/index.html]
[index.php/my/2020/09/03/my-looping/feed/index.html]
[index.php/my/2020/09/03/my-looping/index.html]
[index.php/my/2020/09/03/my-range/feed/index.html]
[index.php/my/2020/09/03/my-range/index.html]
[index.php/my/category/my-hash/index.html]
[index.php/my/category/my-hash/feed/index.html]
[index.php/my/2020/09/28/my-hash/feed/index.html]
[index.php/my/2020/09/28/my-hash/index.html]
[index.php/my/category/my-symbol/index.html]
[index.php/my/category/my-symbol/feed/index.html]
[index.php/my/2020/11/26/my-symbol-define/feed/index.html]
[index.php/my/2020/11/26/my-symbol-define/index.html]
[index.php/my/2020/11/26/my-symbol-feature/feed/index.html]
[index.php/my/2020/11/26/my-symbol-feature/index.html]
[index.php/my/category/my-regular-expression/index.html]
[index.php/my/category/my-regular-expression/feed/index.html]
[index.php/my/2020/11/27/my-ruby-create-regex/feed/index.html]
[index.php/my/2020/11/27/my-ruby-create-regex/index.html]
[index.php/my/2020/11/30/my-regex-method/feed/index.html]
[index.php/my/2020/11/30/my-regex-method/index.html]
[index.php/my/2020/11/30/my-case-regex/feed/index.html]
[index.php/my/2020/11/30/my-case-regex/index.html]
[index.php/my/category/my-class/index.html]
[index.php/my/category/my-class/feed/index.html]
[index.php/my/2020/11/30/my-class/feed/index.html]
[index.php/my/2020/11/30/my-class/index.html]
[index.php/my/2020/12/01/my-class-variable/feed/index.html]
[index.php/my/2020/12/01/my-class-variable/index.html]
[index.php/my/2020/12/02/my-accessor-method/feed/index.html]
[index.php/my/2020/12/02/my-accessor-method/index.html]
[index.php/my/2020/12/04/my-class-method/feed/index.html]
[index.php/my/2020/12/04/my-class-method/index.html]
[index.php/my/2020/12/05/my-public-level-of-class-method/feed/index.html]
[index.php/my/2020/12/05/my-public-level-of-class-method/index.html]
[index.php/my/2020/12/06/my-self-keyword/feed/index.html]
[index.php/my/2020/12/06/my-self-keyword/index.html]
[index.php/my/2020/12/07/my-inheritance-in-class/feed/index.html]
[index.php/my/2020/12/07/my-inheritance-in-class/index.html]
[index.php/my/2020/12/08/my-super/feed/index.html]
[index.php/my/2020/12/08/my-super/index.html]
[index.php/my/2020/12/09/my-objects-instances-receivers/feed/index.html]
[index.php/my/2020/12/09/my-objects-instances-receivers/index.html]
[index.php/my/2020/12/10/my-monkey-patch/feed/index.html]
[index.php/my/2020/12/10/my-monkey-patch/index.html]
[index.php/my/category/my-module/index.html]
[index.php/my/category/my-module/feed/index.html]
[index.php/my/2021/01/21/my-define-module/feed/index.html]
[index.php/my/2021/01/21/my-define-module/index.html]
[index.php/my/2021/01/21/my-module-mixing/feed/index.html]
[index.php/my/2021/01/21/my-module-mixing/index.html]
[index.php/my/2021/01/21/my-enumerable-module/feed/index.html]
[index.php/my/2021/01/21/my-enumerable-module/index.html]
[index.php/my/2021/01/21/my-comparable-module/feed/index.html]
[index.php/my/2021/01/21/my-comparable-module/index.html]
[index.php/my/2021/01/21/my-kernel-module/feed/index.html]
[index.php/my/2021/01/21/my-kernel-module/index.html]
[index.php/my/2021/01/21/my-namespace/feed/index.html]
[index.php/my/2021/01/21/my-namespace/index.html]
[index.php/my/2021/01/21/my-method-collect-module/feed/index.html]
[index.php/my/2021/01/21/my-method-collect-module/index.html]
[index.php/my/2021/01/21/my-state-collect-module/feed/index.html]
[index.php/my/2021/01/21/my-state-collect-module/index.html]
[index.php/my/2021/01/21/my-method-search/feed/index.html]
[index.php/my/2021/01/21/my-method-search/index.html]
[index.php/my/category/my-exception/index.html]
[index.php/my/category/my-exception/feed/index.html]
[index.php/my/2021/05/19/my-create-execption/feed/index.html]
[index.php/my/2021/05/19/my-create-execption/index.html]
[index.php/my/2021/05/19/my-exception-class-inheritance-relationship/feed/index.html]
[index.php/my/2021/05/19/my-exception-class-inheritance-relationship/index.html]
[index.php/my/2021/05/19/my-retry-ensure/feed/index.html]
[index.php/my/2021/05/19/my-retry-ensure/index.html]
[index.php/my/2021/05/19/my-exception-else/feed/index.html]
[index.php/my/2021/05/19/my-exception-else/index.html]
[index.php/my/2021/05/19/my-exception-return-value/feed/index.html]
[index.php/my/2021/05/19/my-exception-return-value/index.html]
[index.php/my/2021/05/19/my-rescue-modifier/feed/index.html]
[index.php/my/2021/05/19/my-rescue-modifier/index.html]
[index.php/my/category/my-yield-proc/index.html]
[index.php/my/category/my-yield-proc/feed/index.html]
[index.php/my/2021/11/22/my-yield-using-method/feed/index.html]
[index.php/my/2021/11/22/my-yield-using-method/index.html]
[index.php/my/2021/11/22/my-proc-using-method/feed/index.html]
[index.php/my/2021/11/22/my-proc-using-method/index.html]
[index.php/my/2021/11/22/my-proc-lambda/feed/index.html]
[index.php/my/2021/11/22/my-proc-lambda/index.html]
[index.php/my/2021/11/22/my-to-proc-method/feed/index.html]
[index.php/my/2021/11/22/my-to-proc-method/index.html]
[index.php/my/author/wunnathaw/index.html]
[index.php/my/page/2/index.html]
[index.php/my/page/7/index.html]
[index.php/my/author/wunnathaw/feed/index.html]
[index.php/category/ruby-basic-knowledge/page/2/index.html]
[index.php/category/ruby-basic-knowledge/page/7/index.html]
[index548d.html]
[index.php/wp-json/oembed/1.0/embed247b.json]
[index.php/wp-json/oembed/1.0/embed7a60]
[index30e3.html]
[index.php/wp-json/oembed/1.0/embed71d4.json]
[index.php/wp-json/oembed/1.0/embed8083]
[indexf47a.html]
[index.php/wp-json/oembed/1.0/embed5275.json]
[index.php/wp-json/oembed/1.0/embede508]
[indexcaf0.html]
[index.php/wp-json/oembed/1.0/embed983d.json]
[index.php/wp-json/oembed/1.0/embede023]
[index802e.html]
[index.php/wp-json/oembed/1.0/embeddad9.json]
[index.php/wp-json/oembed/1.0/embed7d52]
[indexb3e1.html]
[index.php/wp-json/oembed/1.0/embeddefe.json]
[index.php/wp-json/oembed/1.0/embed1569]
[indexd526.html]
[index.php/wp-json/oembed/1.0/embed7725.json]
[index.php/wp-json/oembed/1.0/embedb1e8]
[indexca96.html]
[index.php/wp-json/oembed/1.0/embeda5a5.json]
[index.php/wp-json/oembed/1.0/embed0b38]
[indexa862.html]
[index.php/wp-json/oembed/1.0/embed9864.json]
[index.php/wp-json/oembed/1.0/embed2533]
[index728e.html]
[index.php/wp-json/oembed/1.0/embed22fe.json]
[index.php/wp-json/oembed/1.0/embedaff9]
[index4e57.html]
[index.php/wp-json/oembed/1.0/embedbdbb.json]
[index.php/wp-json/oembed/1.0/embed71aa]
[indexaa4f.html]
[index.php/wp-json/oembed/1.0/embed92de.json]
[index.php/wp-json/oembed/1.0/embedf284]
[index30e4.html]
[index.php/wp-json/oembed/1.0/embed2146.json]
[index.php/wp-json/oembed/1.0/embed066a]
[index245e.html]
[index.php/wp-json/oembed/1.0/embedef59.json]
[index.php/wp-json/oembed/1.0/embedad50]
[index313f.html]
[index.php/wp-json/oembed/1.0/embed87b0.json]
[index.php/wp-json/oembed/1.0/embedfd14]
[index3116.html]
[index.php/wp-json/oembed/1.0/embedb63a.json]
[index.php/wp-json/oembed/1.0/embed2ac5]
[indexc61a.html]
[index.php/wp-json/oembed/1.0/embed5ccd.json]
[index.php/wp-json/oembed/1.0/embed8c7b]
[indexef2e.html]
[index.php/wp-json/oembed/1.0/embed783e.json]
[index.php/wp-json/oembed/1.0/embed3550]
[index7efb.html]
[index.php/wp-json/oembed/1.0/embed2e03.json]
[index.php/wp-json/oembed/1.0/embed877d]
[index4e02.html]
[index.php/wp-json/oembed/1.0/embed108f.json]
[index.php/wp-json/oembed/1.0/embed175f]
[index6a26.html]
[index.php/wp-json/oembed/1.0/embed8e5c.json]
[index.php/wp-json/oembed/1.0/embeda461]
[indexead7.html]
[index.php/wp-json/oembed/1.0/embed8261.json]
[index.php/wp-json/oembed/1.0/embed7270]
[index94f9.html]
[index.php/wp-json/oembed/1.0/embed2ba0.json]
[index.php/wp-json/oembed/1.0/embed0eb0]
[index6cd8.html]
[index.php/wp-json/oembed/1.0/embed6f60.json]
[index.php/wp-json/oembed/1.0/embed5b9e]
[index6c4a.html]
[index.php/wp-json/oembed/1.0/embed6435.json]
[index.php/wp-json/oembed/1.0/embed0d8c]
[index95ac.html]
[index.php/wp-json/oembed/1.0/embedc1e8.json]
[index.php/wp-json/oembed/1.0/embed3a74]
[index08f3.html]
[index.php/wp-json/oembed/1.0/embed9d71.json]
[index.php/wp-json/oembed/1.0/embedb581]
[indexaffb.html]
[index.php/wp-json/oembed/1.0/embed1efe.json]
[index.php/wp-json/oembed/1.0/embed5a83]
[index3f7a.html]
[index.php/wp-json/oembed/1.0/embed88de.json]
[index.php/wp-json/oembed/1.0/embeddb96]
[indexa60b.html]
[index.php/wp-json/oembed/1.0/embedf6e0.json]
[index.php/wp-json/oembed/1.0/embed8ec2]
[index391d.html]
[index.php/wp-json/oembed/1.0/embede02a.json]
[index.php/wp-json/oembed/1.0/embed5548]
[index9f30.html]
[index.php/wp-json/oembed/1.0/embed0bcc.json]
[index.php/wp-json/oembed/1.0/embed3e08]
[indexd59f.html]
[index.php/wp-json/oembed/1.0/embeda3e2.json]
[index.php/wp-json/oembed/1.0/embedd6a9]
[index3e59.html]
[index.php/wp-json/oembed/1.0/embed7d58.json]
[index.php/wp-json/oembed/1.0/embedfcb7]
[index4511.html]
[index.php/wp-json/oembed/1.0/embedc8fc.json]
[index.php/wp-json/oembed/1.0/embed59ae]
[index904c.html]
[index.php/wp-json/oembed/1.0/embeda103.json]
[index.php/wp-json/oembed/1.0/embed7173]
[index11bd.html]
[index.php/wp-json/oembed/1.0/embed25f1.json]
[index.php/wp-json/oembed/1.0/embeda84c]
[index3b28.html]
[index.php/wp-json/oembed/1.0/embed4d7d.json]
[index.php/wp-json/oembed/1.0/embedb3a2]
[index71f3.html]
[index.php/wp-json/oembed/1.0/embedde9f.json]
[index.php/wp-json/oembed/1.0/embed0084]
[index0ba7.html]
[index.php/wp-json/oembed/1.0/embed17b3.json]
[index.php/wp-json/oembed/1.0/embed5686]
[indexe6c6.html]
[index.php/wp-json/oembed/1.0/embede6ca.json]
[index.php/wp-json/oembed/1.0/embeda1c1]
[index174b.html]
[index.php/wp-json/oembed/1.0/embed6007.json]
[index.php/wp-json/oembed/1.0/embedd3fd]
[index7329.html]
[index.php/wp-json/oembed/1.0/embed0110.json]
[index.php/wp-json/oembed/1.0/embed01a4]
[index42c4.html]
[index.php/wp-json/oembed/1.0/embedb2b4.json]
[index.php/wp-json/oembed/1.0/embed3351]
[index3790.html]
[index.php/wp-json/oembed/1.0/embed5cb4.json]
[index.php/wp-json/oembed/1.0/embede7cc]
[index17bd.html]
[index.php/wp-json/oembed/1.0/embedbe8b.json]
[index.php/wp-json/oembed/1.0/embed30da]
[index085b.html]
[index.php/wp-json/oembed/1.0/embeda9d6.json]
[index.php/wp-json/oembed/1.0/embede2a4]
[index65c8.html]
[index.php/wp-json/oembed/1.0/embed5b54.json]
[index.php/wp-json/oembed/1.0/embed1f5b]
[indexf770.html]
[index.php/wp-json/oembed/1.0/embed678b.json]
[index.php/wp-json/oembed/1.0/embed3522]
[index9625.html]
[index.php/wp-json/oembed/1.0/embed576c.json]
[index.php/wp-json/oembed/1.0/embed398e]
[indexc777.html]
[index.php/wp-json/oembed/1.0/embed463a.json]
[index.php/wp-json/oembed/1.0/embed4e63]
[indexc5b3.html]
[index.php/wp-json/oembed/1.0/embeda6d9.json]
[index.php/wp-json/oembed/1.0/embedf8fb]
[index6713.html]
[index.php/wp-json/oembed/1.0/embedef66.json]
[index.php/wp-json/oembed/1.0/embed22b6]
[index195e.html]
[index.php/wp-json/oembed/1.0/embedea6f.json]
[index.php/wp-json/oembed/1.0/embedd11f]
[indexbf1a.html]
[index.php/wp-json/oembed/1.0/embed7178.json]
[index.php/wp-json/oembed/1.0/embede243]
[index1f77.html]
[index.php/wp-json/oembed/1.0/embeded4d.json]
[index.php/wp-json/oembed/1.0/embed9379]
[index1406.html]
[index.php/wp-json/oembed/1.0/embed2a8e.json]
[index.php/wp-json/oembed/1.0/embed66e6]
[indexb4ea.html]
[index.php/wp-json/oembed/1.0/embede106.json]
[index.php/wp-json/oembed/1.0/embed40e8]
[index7a6c.html]
[index.php/wp-json/oembed/1.0/embed2a3f.json]
[index.php/wp-json/oembed/1.0/embed020c]
[index762b.html]
[index.php/wp-json/oembed/1.0/embed267c.json]
[index.php/wp-json/oembed/1.0/embedc8d9]
[index952b.html]
[index.php/wp-json/oembed/1.0/embedb5df.json]
[index.php/wp-json/oembed/1.0/embed399b]
[index.php/author/admin/page/2/index.html]
[index.php/author/admin/page/7/index.html]
[index.php/page/3/index.html]
[index.php/page/6/index.html]
[wp-content/plugins/wp-security-hardening/modules/inc/fa/fonts/fontawesome-webfont862f.html]
[wp-content/plugins/wp-security-hardening/modules/inc/fa/fonts/fontawesome-webfont862f-2.html]
[wp-content/plugins/wp-security-hardening/modules/inc/fa/fonts/fontawesome-webfont862f.svg]
[index.php/my/category/my-ruby-basic-knowledge/page/2/index.html]
[index.php/my/category/my-ruby-basic-knowledge/page/7/index.html]
[index5295.html]
[index.php/wp-json/oembed/1.0/embeda06c.json]
[index.php/wp-json/oembed/1.0/embedee78]
[indexb247.html]
[index.php/wp-json/oembed/1.0/embed702b.json]
[index.php/wp-json/oembed/1.0/embed6b97]
[indexe4db.html]
[index.php/wp-json/oembed/1.0/embed0063.json]
[index.php/wp-json/oembed/1.0/embed27d5]
[index0449.html]
[index.php/wp-json/oembed/1.0/embedcc4d.json]
[index.php/wp-json/oembed/1.0/embedb83b]
[index23ea.html]
[index.php/wp-json/oembed/1.0/embedd1af.json]
[index.php/wp-json/oembed/1.0/embed93be]
[indexbbbc.html]
[index.php/wp-json/oembed/1.0/embed2785.json]
[index.php/wp-json/oembed/1.0/embed0e20]
[index2d25.html]
[index.php/wp-json/oembed/1.0/embedcf07.json]
[index.php/wp-json/oembed/1.0/embedd49e]
[index6c15.html]
[index.php/wp-json/oembed/1.0/embedf884.json]
[index.php/wp-json/oembed/1.0/embed8c4d]
[index4976.html]
[index.php/wp-json/oembed/1.0/embedf660.json]
[index.php/wp-json/oembed/1.0/embedefb1]
[index7398.html]
[index.php/wp-json/oembed/1.0/embedce19.json]
[index.php/wp-json/oembed/1.0/embed61b5]
[indexe7fb.html]
[index.php/wp-json/oembed/1.0/embed0240.json]
[index.php/wp-json/oembed/1.0/embed210d]
[index5024.html]
[index.php/wp-json/oembed/1.0/embed8aff.json]
[index.php/wp-json/oembed/1.0/embed075b]
[index071d.html]
[index.php/wp-json/oembed/1.0/embed9065.json]
[index.php/wp-json/oembed/1.0/embedef73]
[indexa4b6.html]
[index.php/wp-json/oembed/1.0/embed1ff0.json]
[index.php/wp-json/oembed/1.0/embedae78]
[index272e.html]
[index.php/wp-json/oembed/1.0/embede8ac.json]
[index.php/wp-json/oembed/1.0/embede54b]
[index895e.html]
[index.php/wp-json/oembed/1.0/embedb730.json]
[index.php/wp-json/oembed/1.0/embed86cf]
[indexf9ae.html]
[index.php/wp-json/oembed/1.0/embed3195.json]
[index.php/wp-json/oembed/1.0/embed1e67]
[indexeba0.html]
[index.php/wp-json/oembed/1.0/embed736d.json]
[index.php/wp-json/oembed/1.0/embed9854]
[index094a.html]
[index.php/wp-json/oembed/1.0/embedc874.json]
[index.php/wp-json/oembed/1.0/embed183b]
[index6d2c.html]
[index.php/wp-json/oembed/1.0/embed2907.json]
[index.php/wp-json/oembed/1.0/embedc09a]
[index8eb0.html]
[index.php/wp-json/oembed/1.0/embed41df.json]
[index.php/wp-json/oembed/1.0/embed3642]
[index1dd2.html]
[index.php/wp-json/oembed/1.0/embed6a91.json]
[index.php/wp-json/oembed/1.0/embed84e5]
[indexd7e6.html]
[index.php/wp-json/oembed/1.0/embed1864.json]
[index.php/wp-json/oembed/1.0/embed8358]
[index2132.html]
[index.php/wp-json/oembed/1.0/embedfb1f.json]
[index.php/wp-json/oembed/1.0/embede5e7]
[indexb0e9.html]
[index.php/wp-json/oembed/1.0/embed2b36.json]
[index.php/wp-json/oembed/1.0/embede32a]
[index07a6.html]
[index.php/wp-json/oembed/1.0/embed98df.json]
[index.php/wp-json/oembed/1.0/embed9bc6]
[index8ef5.html]
[index.php/wp-json/oembed/1.0/embedead0.json]
[index.php/wp-json/oembed/1.0/embed6368]
[index46e1.html]
[index.php/wp-json/oembed/1.0/embede517.json]
[index.php/wp-json/oembed/1.0/embed6a79]
[index1b15.html]
[index.php/wp-json/oembed/1.0/embed965c.json]
[index.php/wp-json/oembed/1.0/embedbefd]
[index80fa.html]
[index.php/wp-json/oembed/1.0/embed5dfd.json]
[index.php/wp-json/oembed/1.0/embedd866]
[index9e83.html]
[index.php/wp-json/oembed/1.0/embed7501.json]
[index.php/wp-json/oembed/1.0/embed4f22]
[indexa731.html]
[index.php/wp-json/oembed/1.0/embed211f.json]
[index.php/wp-json/oembed/1.0/embedc231]
[indexa414.html]
[index.php/wp-json/oembed/1.0/embed86c6.json]
[index.php/wp-json/oembed/1.0/embed00e9]
[index2d4b.html]
[index.php/wp-json/oembed/1.0/embed19b8.json]
[index.php/wp-json/oembed/1.0/embed0f19]
[index8152.html]
[index.php/wp-json/oembed/1.0/embedba14.json]
[index.php/wp-json/oembed/1.0/embed50f7]
[indexa542.html]
[index.php/wp-json/oembed/1.0/embed6987.json]
[index.php/wp-json/oembed/1.0/embedcf12]
[index78a2.html]
[index.php/wp-json/oembed/1.0/embedde10.json]
[index.php/wp-json/oembed/1.0/embed731a]
[index2569.html]
[index.php/wp-json/oembed/1.0/embed86c6-2.json]
[index.php/wp-json/oembed/1.0/embede24a]
[indexd246.html]
[index.php/wp-json/oembed/1.0/embedbcc0.json]
[index.php/wp-json/oembed/1.0/embedcc04]
[index3c2a.html]
[index.php/wp-json/oembed/1.0/embed6320.json]
[index.php/wp-json/oembed/1.0/embed604b]
[index4293.html]
[index.php/wp-json/oembed/1.0/embedf3d8.json]
[index.php/wp-json/oembed/1.0/embed4d88]
[indexe3f9.html]
[index.php/wp-json/oembed/1.0/embedb4f7.json]
[index.php/wp-json/oembed/1.0/embeded08]
[index12a6.html]
[index.php/wp-json/oembed/1.0/embed3931.json]
[index.php/wp-json/oembed/1.0/embed266a]
[indexe693.html]
[index.php/wp-json/oembed/1.0/embedd10d.json]
[index.php/wp-json/oembed/1.0/embedd3e1]
[index8432.html]
[index.php/wp-json/oembed/1.0/embedac3c.json]
[index.php/wp-json/oembed/1.0/embed2bd2]
[indexade3.html]
[index.php/wp-json/oembed/1.0/embed8570.json]
[index.php/wp-json/oembed/1.0/embed3583]
[indexe87f.html]
[index.php/wp-json/oembed/1.0/embed4edc.json]
[index.php/wp-json/oembed/1.0/embedf0a5]
[index8cc3.html]
[index.php/wp-json/oembed/1.0/embed5784.json]
[index.php/wp-json/oembed/1.0/embed4e6e]
[index93ac.html]
[index.php/wp-json/oembed/1.0/embed3a15.json]
[index.php/wp-json/oembed/1.0/embed57a0]
[index881d.html]
[index.php/wp-json/oembed/1.0/embedb576.json]
[index.php/wp-json/oembed/1.0/embedfed3]
[indexf688.html]
[index.php/wp-json/oembed/1.0/embedfaae.json]
[index.php/wp-json/oembed/1.0/embed6a67]
[index320d.html]
[index.php/wp-json/oembed/1.0/embed2d85.json]
[index.php/wp-json/oembed/1.0/embed9c09]
[index8042.html]
[index.php/wp-json/oembed/1.0/embed8e46.json]
[index.php/wp-json/oembed/1.0/embedca93]
[indexcc0b.html]
[index.php/wp-json/oembed/1.0/embed39a3.json]
[index.php/wp-json/oembed/1.0/embed3c34]
[index6c4e.html]
[index.php/wp-json/oembed/1.0/embed5ea0.json]
[index.php/wp-json/oembed/1.0/embedb715]
[index5ed4.html]
[index.php/wp-json/oembed/1.0/embedcfca.json]
[index.php/wp-json/oembed/1.0/embedcd7c]
[index4b30.html]
[index.php/wp-json/oembed/1.0/embed2c4e.json]
[index.php/wp-json/oembed/1.0/embed80f4]
[index8b41.html]
[index.php/wp-json/oembed/1.0/embedee3f.json]
[index.php/wp-json/oembed/1.0/embedb22e]
[indexf5ae.html]
[index.php/wp-json/oembed/1.0/embed43f0.json]
[index.php/wp-json/oembed/1.0/embedeff7]
[index20ad.html]
[index.php/wp-json/oembed/1.0/embed0742.json]
[index.php/wp-json/oembed/1.0/embed1d73]
[index1700.html]
[index.php/wp-json/oembed/1.0/embed86c2.json]
[index.php/wp-json/oembed/1.0/embeddecc]
[index.php/my/author/wunnathaw/page/2/index.html]
[index.php/my/author/wunnathaw/page/7/index.html]
[index.php/my/page/3/index.html]
[index.php/my/page/6/index.html]
[index.php/category/ruby-basic-knowledge/page/3/index.html]
[index.php/category/ruby-basic-knowledge/page/6/index.html]
[index.php/author/admin/page/3/index.html]
[index.php/author/admin/page/6/index.html]
[index.php/page/4/index.html]
[index.php/page/5/index.html]
[index.php/my/category/my-ruby-basic-knowledge/page/3/index.html]
[index.php/my/category/my-ruby-basic-knowledge/page/6/index.html]
[index.php/my/author/wunnathaw/page/3/index.html]
[index.php/my/author/wunnathaw/page/6/index.html]
[index.php/my/page/4/index.html]
[index.php/my/page/5/index.html]
[mya.wordpress.org/index.html]
[index.php/category/ruby-basic-knowledge/page/4/index.html]
[index.php/category/ruby-basic-knowledge/page/5/index.html]
[index.php/author/admin/page/4/index.html]
[index.php/author/admin/page/5/index.html]
[index.php/my/category/my-ruby-basic-knowledge/page/4/index.html]
[index.php/my/category/my-ruby-basic-knowledge/page/5/index.html]
[index.php/my/author/wunnathaw/page/4/index.html]
[index.php/my/author/wunnathaw/page/5/index.html]
